{"C:\\Users\\Kombee\\Documents\\AI\\seagull-admin\\src\\app\\layout.tsx": {"path":"C:\\Users\\Kombee\\Documents\\AI\\seagull-admin\\src\\app\\layout.tsx","statementMap":{"0":{"start":{"line":5,"column":2},"end":{"line":11,"column":4}}},"fnMap":{"0":{"name":"RootLayout","decl":{"start":{"line":4,"column":24},"end":{"line":4,"column":34}},"loc":{"start":{"line":4,"column":80},"end":{"line":12,"column":1}},"line":4}},"branchMap":{},"s":{"0":0},"f":{"0":0},"b":{}}
,"C:\\Users\\Kombee\\Documents\\AI\\seagull-admin\\src\\app\\page.tsx": {"path":"C:\\Users\\Kombee\\Documents\\AI\\seagull-admin\\src\\app\\page.tsx","statementMap":{"0":{"start":{"line":7,"column":17},"end":{"line":7,"column":28}},"1":{"start":{"line":8,"column":26},"end":{"line":8,"column":72}},"2":{"start":{"line":8,"column":50},"end":{"line":8,"column":71}},"3":{"start":{"line":10,"column":2},"end":{"line":16,"column":32}},"4":{"start":{"line":11,"column":4},"end":{"line":15,"column":5}},"5":{"start":{"line":12,"column":6},"end":{"line":12,"column":41}},"6":{"start":{"line":14,"column":6},"end":{"line":14,"column":31}},"7":{"start":{"line":18,"column":2},"end":{"line":18,"column":14}}},"fnMap":{"0":{"name":"Home","decl":{"start":{"line":6,"column":24},"end":{"line":6,"column":28}},"loc":{"start":{"line":6,"column":31},"end":{"line":19,"column":1}},"line":6},"1":{"name":"(anonymous_1)","decl":{"start":{"line":8,"column":39},"end":{"line":8,"column":40}},"loc":{"start":{"line":8,"column":50},"end":{"line":8,"column":71}},"line":8},"2":{"name":"(anonymous_2)","decl":{"start":{"line":10,"column":12},"end":{"line":10,"column":13}},"loc":{"start":{"line":10,"column":18},"end":{"line":16,"column":3}},"line":10}},"branchMap":{"0":{"loc":{"start":{"line":11,"column":4},"end":{"line":15,"column":5}},"type":"if","locations":[{"start":{"line":11,"column":4},"end":{"line":15,"column":5}},{"start":{"line":13,"column":11},"end":{"line":15,"column":5}}],"line":11}},"s":{"0":0,"1":0,"2":0,"3":0,"4":0,"5":0,"6":0,"7":0},"f":{"0":0,"1":0,"2":0},"b":{"0":[0,0]}}
,"C:\\Users\\Kombee\\Documents\\AI\\seagull-admin\\src\\app\\admin\\layout.tsx": {"path":"C:\\Users\\Kombee\\Documents\\AI\\seagull-admin\\src\\app\\admin\\layout.tsx","statementMap":{"0":{"start":{"line":6,"column":2},"end":{"line":11,"column":4}}},"fnMap":{"0":{"name":"AdminLayout","decl":{"start":{"line":5,"column":24},"end":{"line":5,"column":35}},"loc":{"start":{"line":5,"column":81},"end":{"line":12,"column":1}},"line":5}},"branchMap":{},"s":{"0":0},"f":{"0":0},"b":{}}
,"C:\\Users\\Kombee\\Documents\\AI\\seagull-admin\\src\\app\\admin\\dashboard\\page.tsx": {"path":"C:\\Users\\Kombee\\Documents\\AI\\seagull-admin\\src\\app\\admin\\dashboard\\page.tsx","statementMap":{"0":{"start":{"line":3,"column":22},"end":{"line":8,"column":1}},"1":{"start":{"line":4,"column":2},"end":{"line":7,"column":8}}},"fnMap":{"0":{"name":"(anonymous_0)","decl":{"start":{"line":3,"column":22},"end":{"line":3,"column":23}},"loc":{"start":{"line":4,"column":2},"end":{"line":7,"column":8}},"line":4}},"branchMap":{},"s":{"0":0,"1":0},"f":{"0":0},"b":{}}
,"C:\\Users\\Kombee\\Documents\\AI\\seagull-admin\\src\\app\\login\\page.tsx": {"path":"C:\\Users\\Kombee\\Documents\\AI\\seagull-admin\\src\\app\\login\\page.tsx","statementMap":{"0":{"start":{"line":6,"column":18},"end":{"line":13,"column":1}},"1":{"start":{"line":7,"column":2},"end":{"line":12,"column":8}}},"fnMap":{"0":{"name":"(anonymous_0)","decl":{"start":{"line":6,"column":18},"end":{"line":6,"column":19}},"loc":{"start":{"line":7,"column":2},"end":{"line":12,"column":8}},"line":7}},"branchMap":{},"s":{"0":0,"1":0},"f":{"0":0},"b":{}}
,"C:\\Users\\Kombee\\Documents\\AI\\seagull-admin\\src\\components\\LoginForm.tsx": {"path":"C:\\Users\\Kombee\\Documents\\AI\\seagull-admin\\src\\components\\LoginForm.tsx","statementMap":{"0":{"start":{"line":10,"column":2},"end":{"line":10,"column":50}},"1":{"start":{"line":13,"column":21},"end":{"line":13,"column":39}},"2":{"start":{"line":15,"column":28},"end":{"line":279,"column":1}},"3":{"start":{"line":16,"column":16},"end":{"line":16,"column":52}},"4":{"start":{"line":16,"column":40},"end":{"line":16,"column":51}},"5":{"start":{"line":17,"column":17},"end":{"line":17,"column":28}},"6":{"start":{"line":18,"column":28},"end":{"line":18,"column":40}},"7":{"start":{"line":19,"column":34},"end":{"line":19,"column":46}},"8":{"start":{"line":20,"column":42},"end":{"line":20,"column":57}},"9":{"start":{"line":21,"column":34},"end":{"line":21,"column":49}},"10":{"start":{"line":22,"column":30},"end":{"line":24,"column":3}},"11":{"start":{"line":25,"column":32},"end":{"line":25,"column":47}},"12":{"start":{"line":26,"column":28},"end":{"line":26,"column":57}},"13":{"start":{"line":28,"column":2},"end":{"line":34,"column":9}},"14":{"start":{"line":29,"column":23},"end":{"line":29,"column":57}},"15":{"start":{"line":30,"column":4},"end":{"line":33,"column":5}},"16":{"start":{"line":31,"column":6},"end":{"line":31,"column":27}},"17":{"start":{"line":32,"column":6},"end":{"line":32,"column":24}},"18":{"start":{"line":36,"column":23},"end":{"line":58,"column":3}},"19":{"start":{"line":37,"column":4},"end":{"line":37,"column":23}},"20":{"start":{"line":38,"column":30},"end":{"line":38,"column":32}},"21":{"start":{"line":39,"column":4},"end":{"line":39,"column":67}},"22":{"start":{"line":39,"column":31},"end":{"line":39,"column":67}},"23":{"start":{"line":40,"column":4},"end":{"line":41,"column":63}},"24":{"start":{"line":41,"column":6},"end":{"line":41,"column":63}},"25":{"start":{"line":42,"column":4},"end":{"line":42,"column":20}},"26":{"start":{"line":43,"column":4},"end":{"line":43,"column":45}},"27":{"start":{"line":43,"column":38},"end":{"line":43,"column":45}},"28":{"start":{"line":44,"column":4},"end":{"line":44,"column":21}},"29":{"start":{"line":45,"column":4},"end":{"line":57,"column":5}},"30":{"start":{"line":46,"column":6},"end":{"line":46,"column":35}},"31":{"start":{"line":47,"column":6},"end":{"line":51,"column":7}},"32":{"start":{"line":48,"column":8},"end":{"line":48,"column":50}},"33":{"start":{"line":50,"column":8},"end":{"line":50,"column":46}},"34":{"start":{"line":52,"column":6},"end":{"line":52,"column":38}},"35":{"start":{"line":54,"column":6},"end":{"line":54,"column":46}},"36":{"start":{"line":56,"column":6},"end":{"line":56,"column":24}},"37":{"start":{"line":60,"column":2},"end":{"line":278,"column":4}},"38":{"start":{"line":134,"column":33},"end":{"line":134,"column":57}},"39":{"start":{"line":178,"column":33},"end":{"line":178,"column":60}},"40":{"start":{"line":185,"column":31},"end":{"line":185,"column":57}},"41":{"start":{"line":185,"column":54},"end":{"line":185,"column":56}},"42":{"start":{"line":225,"column":33},"end":{"line":225,"column":62}},"43":{"start":{"line":276,"column":54},"end":{"line":276,"column":68}}},"fnMap":{"0":{"name":"validateEmail","decl":{"start":{"line":9,"column":9},"end":{"line":9,"column":22}},"loc":{"start":{"line":9,"column":38},"end":{"line":11,"column":1}},"line":9},"1":{"name":"(anonymous_1)","decl":{"start":{"line":15,"column":28},"end":{"line":15,"column":29}},"loc":{"start":{"line":15,"column":34},"end":{"line":279,"column":1}},"line":15},"2":{"name":"(anonymous_2)","decl":{"start":{"line":16,"column":29},"end":{"line":16,"column":30}},"loc":{"start":{"line":16,"column":40},"end":{"line":16,"column":51}},"line":16},"3":{"name":"(anonymous_3)","decl":{"start":{"line":28,"column":12},"end":{"line":28,"column":13}},"loc":{"start":{"line":28,"column":18},"end":{"line":34,"column":3}},"line":28},"4":{"name":"(anonymous_4)","decl":{"start":{"line":36,"column":23},"end":{"line":36,"column":24}},"loc":{"start":{"line":36,"column":53},"end":{"line":58,"column":3}},"line":36},"5":{"name":"(anonymous_5)","decl":{"start":{"line":134,"column":26},"end":{"line":134,"column":27}},"loc":{"start":{"line":134,"column":33},"end":{"line":134,"column":57}},"line":134},"6":{"name":"(anonymous_6)","decl":{"start":{"line":178,"column":26},"end":{"line":178,"column":27}},"loc":{"start":{"line":178,"column":33},"end":{"line":178,"column":60}},"line":178},"7":{"name":"(anonymous_7)","decl":{"start":{"line":185,"column":25},"end":{"line":185,"column":26}},"loc":{"start":{"line":185,"column":31},"end":{"line":185,"column":57}},"line":185},"8":{"name":"(anonymous_8)","decl":{"start":{"line":185,"column":47},"end":{"line":185,"column":48}},"loc":{"start":{"line":185,"column":54},"end":{"line":185,"column":56}},"line":185},"9":{"name":"(anonymous_9)","decl":{"start":{"line":225,"column":26},"end":{"line":225,"column":27}},"loc":{"start":{"line":225,"column":33},"end":{"line":225,"column":62}},"line":225},"10":{"name":"(anonymous_10)","decl":{"start":{"line":276,"column":48},"end":{"line":276,"column":49}},"loc":{"start":{"line":276,"column":54},"end":{"line":276,"column":68}},"line":276}},"branchMap":{"0":{"loc":{"start":{"line":30,"column":4},"end":{"line":33,"column":5}},"type":"if","locations":[{"start":{"line":30,"column":4},"end":{"line":33,"column":5}},{"start":{},"end":{}}],"line":30},"1":{"loc":{"start":{"line":39,"column":4},"end":{"line":39,"column":67}},"type":"if","locations":[{"start":{"line":39,"column":4},"end":{"line":39,"column":67}},{"start":{},"end":{}}],"line":39},"2":{"loc":{"start":{"line":40,"column":4},"end":{"line":41,"column":63}},"type":"if","locations":[{"start":{"line":40,"column":4},"end":{"line":41,"column":63}},{"start":{},"end":{}}],"line":40},"3":{"loc":{"start":{"line":43,"column":4},"end":{"line":43,"column":45}},"type":"if","locations":[{"start":{"line":43,"column":4},"end":{"line":43,"column":45}},{"start":{},"end":{}}],"line":43},"4":{"loc":{"start":{"line":47,"column":6},"end":{"line":51,"column":7}},"type":"if","locations":[{"start":{"line":47,"column":6},"end":{"line":51,"column":7}},{"start":{"line":49,"column":13},"end":{"line":51,"column":7}}],"line":47},"5":{"loc":{"start":{"line":54,"column":15},"end":{"line":54,"column":44}},"type":"binary-expr","locations":[{"start":{"line":54,"column":15},"end":{"line":54,"column":26}},{"start":{"line":54,"column":30},"end":{"line":54,"column":44}}],"line":54},"6":{"loc":{"start":{"line":130,"column":18},"end":{"line":130,"column":69}},"type":"cond-expr","locations":[{"start":{"line":130,"column":33},"end":{"line":130,"column":49}},{"start":{"line":130,"column":52},"end":{"line":130,"column":69}}],"line":130},"7":{"loc":{"start":{"line":138,"column":13},"end":{"line":140,"column":13}},"type":"binary-expr","locations":[{"start":{"line":138,"column":13},"end":{"line":138,"column":25}},{"start":{"line":139,"column":14},"end":{"line":139,"column":73}}],"line":138},"8":{"loc":{"start":{"line":172,"column":22},"end":{"line":172,"column":56}},"type":"cond-expr","locations":[{"start":{"line":172,"column":37},"end":{"line":172,"column":43}},{"start":{"line":172,"column":46},"end":{"line":172,"column":56}}],"line":172},"9":{"loc":{"start":{"line":174,"column":18},"end":{"line":174,"column":72}},"type":"cond-expr","locations":[{"start":{"line":174,"column":36},"end":{"line":174,"column":52}},{"start":{"line":174,"column":55},"end":{"line":174,"column":72}}],"line":174},"10":{"loc":{"start":{"line":187,"column":17},"end":{"line":209,"column":17}},"type":"cond-expr","locations":[{"start":{"line":188,"column":18},"end":{"line":197,"column":24}},{"start":{"line":199,"column":18},"end":{"line":208,"column":24}}],"line":187},"11":{"loc":{"start":{"line":215,"column":13},"end":{"line":217,"column":13}},"type":"binary-expr","locations":[{"start":{"line":215,"column":13},"end":{"line":215,"column":28}},{"start":{"line":216,"column":14},"end":{"line":216,"column":76}}],"line":215},"12":{"loc":{"start":{"line":235,"column":13},"end":{"line":235,"column":50}},"type":"cond-expr","locations":[{"start":{"line":235,"column":23},"end":{"line":235,"column":38}},{"start":{"line":235,"column":41},"end":{"line":235,"column":50}}],"line":235},"13":{"loc":{"start":{"line":276,"column":7},"end":{"line":276,"column":72}},"type":"binary-expr","locations":[{"start":{"line":276,"column":7},"end":{"line":276,"column":12}},{"start":{"line":276,"column":16},"end":{"line":276,"column":72}}],"line":276}},"s":{"0":0,"1":10,"2":10,"3":13,"4":24,"5":13,"6":13,"7":13,"8":13,"9":13,"10":13,"11":13,"12":13,"13":13,"14":10,"15":10,"16":1,"17":1,"18":13,"19":0,"20":0,"21":0,"22":0,"23":0,"24":0,"25":0,"26":0,"27":0,"28":0,"29":0,"30":0,"31":0,"32":0,"33":0,"34":0,"35":0,"36":0,"37":13,"38":0,"39":0,"40":0,"41":0,"42":2,"43":0},"f":{"0":0,"1":13,"2":24,"3":10,"4":0,"5":0,"6":0,"7":0,"8":0,"9":2,"10":0},"b":{"0":[1,9],"1":[0,0],"2":[0,0],"3":[0,0],"4":[0,0],"5":[0,0],"6":[0,13],"7":[13,0],"8":[0,13],"9":[0,13],"10":[0,13],"11":[13,0],"12":[0,13],"13":[13,0]},"_coverageSchema":"1a1c01bbd47fc00a2c39e90264f33305004495a9","hash":"ed5201386d1d8f740e42efcf1a32eaea63467e2e"}
,"C:\\Users\\Kombee\\Documents\\AI\\seagull-admin\\src\\components\\Sidebar.tsx": {"path":"C:\\Users\\Kombee\\Documents\\AI\\seagull-admin\\src\\components\\Sidebar.tsx","statementMap":{"0":{"start":{"line":6,"column":19},"end":{"line":21,"column":1}},"1":{"start":{"line":23,"column":26},"end":{"line":63,"column":1}},"2":{"start":{"line":24,"column":15},"end":{"line":24,"column":48}},"3":{"start":{"line":24,"column":37},"end":{"line":24,"column":47}},"4":{"start":{"line":25,"column":17},"end":{"line":25,"column":52}},"5":{"start":{"line":25,"column":39},"end":{"line":25,"column":51}},"6":{"start":{"line":26,"column":17},"end":{"line":26,"column":28}},"7":{"start":{"line":27,"column":2},"end":{"line":27,"column":25}},"8":{"start":{"line":27,"column":13},"end":{"line":27,"column":25}},"9":{"start":{"line":28,"column":15},"end":{"line":28,"column":37}},"10":{"start":{"line":30,"column":23},"end":{"line":33,"column":3}},"11":{"start":{"line":31,"column":4},"end":{"line":31,"column":13}},"12":{"start":{"line":32,"column":4},"end":{"line":32,"column":26}},"13":{"start":{"line":35,"column":2},"end":{"line":62,"column":4}},"14":{"start":{"line":44,"column":12},"end":{"line":51,"column":17}}},"fnMap":{"0":{"name":"(anonymous_0)","decl":{"start":{"line":23,"column":26},"end":{"line":23,"column":27}},"loc":{"start":{"line":23,"column":32},"end":{"line":63,"column":1}},"line":23},"1":{"name":"(anonymous_1)","decl":{"start":{"line":24,"column":28},"end":{"line":24,"column":29}},"loc":{"start":{"line":24,"column":37},"end":{"line":24,"column":47}},"line":24},"2":{"name":"(anonymous_2)","decl":{"start":{"line":25,"column":30},"end":{"line":25,"column":31}},"loc":{"start":{"line":25,"column":39},"end":{"line":25,"column":51}},"line":25},"3":{"name":"(anonymous_3)","decl":{"start":{"line":30,"column":23},"end":{"line":30,"column":24}},"loc":{"start":{"line":30,"column":29},"end":{"line":33,"column":3}},"line":30},"4":{"name":"(anonymous_4)","decl":{"start":{"line":43,"column":20},"end":{"line":43,"column":21}},"loc":{"start":{"line":44,"column":12},"end":{"line":51,"column":17}},"line":44}},"branchMap":{"0":{"loc":{"start":{"line":27,"column":2},"end":{"line":27,"column":25}},"type":"if","locations":[{"start":{"line":27,"column":2},"end":{"line":27,"column":25}},{"start":{},"end":{}}],"line":27},"1":{"loc":{"start":{"line":28,"column":15},"end":{"line":28,"column":37}},"type":"binary-expr","locations":[{"start":{"line":28,"column":15},"end":{"line":28,"column":31}},{"start":{"line":28,"column":35},"end":{"line":28,"column":37}}],"line":28}},"s":{"0":0,"1":0,"2":0,"3":0,"4":0,"5":0,"6":0,"7":0,"8":0,"9":0,"10":0,"11":0,"12":0,"13":0,"14":0},"f":{"0":0,"1":0,"2":0,"3":0,"4":0},"b":{"0":[0,0],"1":[0,0]}}
,"C:\\Users\\Kombee\\Documents\\AI\\seagull-admin\\src\\components\\Toast.tsx": {"path":"C:\\Users\\Kombee\\Documents\\AI\\seagull-admin\\src\\components\\Toast.tsx","statementMap":{"0":{"start":{"line":8,"column":36},"end":{"line":20,"column":1}},"1":{"start":{"line":9,"column":2},"end":{"line":12,"column":16}},"2":{"start":{"line":10,"column":18},"end":{"line":10,"column":43}},"3":{"start":{"line":11,"column":4},"end":{"line":11,"column":37}},"4":{"start":{"line":11,"column":17},"end":{"line":11,"column":36}},"5":{"start":{"line":14,"column":2},"end":{"line":19,"column":4}}},"fnMap":{"0":{"name":"(anonymous_0)","decl":{"start":{"line":8,"column":36},"end":{"line":8,"column":37}},"loc":{"start":{"line":8,"column":62},"end":{"line":20,"column":1}},"line":8},"1":{"name":"(anonymous_1)","decl":{"start":{"line":9,"column":12},"end":{"line":9,"column":13}},"loc":{"start":{"line":9,"column":18},"end":{"line":12,"column":3}},"line":9},"2":{"name":"(anonymous_2)","decl":{"start":{"line":11,"column":11},"end":{"line":11,"column":12}},"loc":{"start":{"line":11,"column":17},"end":{"line":11,"column":36}},"line":11}},"branchMap":{},"s":{"0":10,"1":0,"2":0,"3":0,"4":0,"5":0},"f":{"0":0,"1":0,"2":0},"b":{},"_coverageSchema":"1a1c01bbd47fc00a2c39e90264f33305004495a9","hash":"e6ce57a1ee79893b3f987cfafa578a5b24d3a65e"}
,"C:\\Users\\Kombee\\Documents\\AI\\seagull-admin\\src\\lib\\mockAuth.ts": {"path":"C:\\Users\\Kombee\\Documents\\AI\\seagull-admin\\src\\lib\\mockAuth.ts","statementMap":{"0":{"start":{"line":9,"column":42},"end":{"line":13,"column":1}},"1":{"start":{"line":17,"column":17},"end":{"line":17,"column":67}},"2":{"start":{"line":18,"column":18},"end":{"line":20,"column":3}},"3":{"start":{"line":21,"column":20},"end":{"line":21,"column":63}},"4":{"start":{"line":22,"column":2},"end":{"line":22,"column":45}},"5":{"start":{"line":29,"column":2},"end":{"line":46,"column":5}},"6":{"start":{"line":30,"column":4},"end":{"line":45,"column":12}},"7":{"start":{"line":32,"column":6},"end":{"line":35,"column":7}},"8":{"start":{"line":33,"column":8},"end":{"line":33,"column":62}},"9":{"start":{"line":34,"column":8},"end":{"line":34,"column":15}},"10":{"start":{"line":37,"column":6},"end":{"line":40,"column":7}},"11":{"start":{"line":38,"column":8},"end":{"line":38,"column":50}},"12":{"start":{"line":39,"column":8},"end":{"line":39,"column":15}},"13":{"start":{"line":42,"column":19},"end":{"line":42,"column":60}},"14":{"start":{"line":43,"column":20},"end":{"line":43,"column":50}},"15":{"start":{"line":44,"column":6},"end":{"line":44,"column":31}}},"fnMap":{"0":{"name":"generateMockToken","decl":{"start":{"line":15,"column":9},"end":{"line":15,"column":26}},"loc":{"start":{"line":15,"column":66},"end":{"line":23,"column":1}},"line":15},"1":{"name":"mockLogin","decl":{"start":{"line":25,"column":22},"end":{"line":25,"column":31}},"loc":{"start":{"line":28,"column":30},"end":{"line":47,"column":1}},"line":28},"2":{"name":"(anonymous_2)","decl":{"start":{"line":29,"column":21},"end":{"line":29,"column":22}},"loc":{"start":{"line":29,"column":42},"end":{"line":46,"column":3}},"line":29},"3":{"name":"(anonymous_3)","decl":{"start":{"line":30,"column":15},"end":{"line":30,"column":16}},"loc":{"start":{"line":30,"column":21},"end":{"line":45,"column":5}},"line":30}},"branchMap":{"0":{"loc":{"start":{"line":32,"column":6},"end":{"line":35,"column":7}},"type":"if","locations":[{"start":{"line":32,"column":6},"end":{"line":35,"column":7}},{"start":{},"end":{}}],"line":32},"1":{"loc":{"start":{"line":37,"column":6},"end":{"line":40,"column":7}},"type":"if","locations":[{"start":{"line":37,"column":6},"end":{"line":40,"column":7}},{"start":{},"end":{}}],"line":37},"2":{"loc":{"start":{"line":37,"column":10},"end":{"line":37,"column":52}},"type":"binary-expr","locations":[{"start":{"line":37,"column":10},"end":{"line":37,"column":16}},{"start":{"line":37,"column":20},"end":{"line":37,"column":29}},{"start":{"line":37,"column":33},"end":{"line":37,"column":52}}],"line":37},"3":{"loc":{"start":{"line":42,"column":19},"end":{"line":42,"column":60}},"type":"binary-expr","locations":[{"start":{"line":42,"column":19},"end":{"line":42,"column":47}},{"start":{"line":42,"column":51},"end":{"line":42,"column":60}}],"line":42}},"s":{"0":5,"1":0,"2":0,"3":0,"4":0,"5":0,"6":0,"7":0,"8":0,"9":0,"10":0,"11":0,"12":0,"13":0,"14":0,"15":0},"f":{"0":0,"1":0,"2":0,"3":0},"b":{"0":[0,0],"1":[0,0],"2":[0,0,0],"3":[0,0]},"_coverageSchema":"1a1c01bbd47fc00a2c39e90264f33305004495a9","hash":"2142d4cb1a6ff4cfcf7eb1ec92e3a23d52ab5b53"}
,"C:\\Users\\Kombee\\Documents\\AI\\seagull-admin\\src\\store\\useAuthStore.ts": {"path":"C:\\Users\\Kombee\\Documents\\AI\\seagull-admin\\src\\store\\useAuthStore.ts","statementMap":{"0":{"start":{"line":13,"column":18},"end":{"line":13,"column":30}},"1":{"start":{"line":14,"column":17},"end":{"line":14,"column":28}},"2":{"start":{"line":16,"column":28},"end":{"line":37,"column":2}},"3":{"start":{"line":18,"column":22},"end":{"line":18,"column":94}},"4":{"start":{"line":19,"column":21},"end":{"line":19,"column":113}},"5":{"start":{"line":21,"column":2},"end":{"line":36,"column":4}},"6":{"start":{"line":26,"column":18},"end":{"line":26,"column":50}},"7":{"start":{"line":27,"column":6},"end":{"line":27,"column":71}},"8":{"start":{"line":28,"column":6},"end":{"line":28,"column":51}},"9":{"start":{"line":29,"column":6},"end":{"line":29,"column":49}},"10":{"start":{"line":32,"column":6},"end":{"line":32,"column":63}},"11":{"start":{"line":33,"column":6},"end":{"line":33,"column":43}},"12":{"start":{"line":34,"column":6},"end":{"line":34,"column":42}}},"fnMap":{"0":{"name":"(anonymous_0)","decl":{"start":{"line":16,"column":46},"end":{"line":16,"column":47}},"loc":{"start":{"line":16,"column":55},"end":{"line":37,"column":1}},"line":16},"1":{"name":"(anonymous_1)","decl":{"start":{"line":25,"column":11},"end":{"line":25,"column":12}},"loc":{"start":{"line":25,"column":54},"end":{"line":30,"column":5}},"line":25},"2":{"name":"(anonymous_2)","decl":{"start":{"line":31,"column":12},"end":{"line":31,"column":13}},"loc":{"start":{"line":31,"column":18},"end":{"line":35,"column":5}},"line":31}},"branchMap":{"0":{"loc":{"start":{"line":18,"column":22},"end":{"line":18,"column":94}},"type":"cond-expr","locations":[{"start":{"line":18,"column":54},"end":{"line":18,"column":87}},{"start":{"line":18,"column":90},"end":{"line":18,"column":94}}],"line":18},"1":{"loc":{"start":{"line":19,"column":21},"end":{"line":19,"column":113}},"type":"cond-expr","locations":[{"start":{"line":19,"column":54},"end":{"line":19,"column":105}},{"start":{"line":19,"column":109},"end":{"line":19,"column":113}}],"line":19}},"s":{"0":5,"1":5,"2":5,"3":5,"4":5,"5":5,"6":0,"7":0,"8":0,"9":0,"10":0,"11":0,"12":0},"f":{"0":5,"1":0,"2":0},"b":{"0":[5,0],"1":[5,0]},"_coverageSchema":"1a1c01bbd47fc00a2c39e90264f33305004495a9","hash":"8ca71b5f280763aa7443b9b5d2ba667a84fb7647"}
}
